# JRE version: Java(TM) SE Runtime Environment (8.0_181-b13) (build 1.8.0_181-b13)
# Java VM: Java HotSpot(TM) 64-Bit Server VM (25.181-b13 mixed mode windows-amd64 compressed oops)
Heap:
 PSYoungGen      total 57344K, used 42344K [0x0000000780580000, 0x0000000787580000, 0x00000007c0000000)
  eden space 49152K, 86% used [0x0000000780580000,0x0000000782eda0a0,0x0000000783580000)
  from space 8192K, 0% used [0x0000000783580000,0x0000000783580000,0x0000000783d80000)
  to   space 8192K, 0% used [0x0000000786d80000,0x0000000786d80000,0x0000000787580000)
 ParOldGen       total 65024K, used 6917K [0x0000000701000000, 0x0000000704f80000, 0x0000000780580000)
  object space 65024K, 10% used [0x0000000701000000,0x00000007016c1548,0x0000000704f80000)
 Metaspace       used 26830K, capacity 27098K, committed 27648K, reserved 1073152K
  class space    used 3408K, capacity 3513K, committed 3584K, reserved 1048576K
GC Heap History (8 events):
Event: 0.517 GC heap before
{Heap before GC invocations=1 (full 0):
 PSYoungGen      total 57344K, used 49152K [0x0000000780580000, 0x0000000784580000, 0x00000007c0000000)
  eden space 49152K, 100% used [0x0000000780580000,0x0000000783580000,0x0000000783580000)
  from space 8192K, 0% used [0x0000000783d80000,0x0000000783d80000,0x0000000784580000)
  to   space 8192K, 0% used [0x0000000783580000,0x0000000783580000,0x0000000783d80000)
 ParOldGen       total 131072K, used 0K [0x0000000701000000, 0x0000000709000000, 0x0000000780580000)
  object space 131072K, 0% used [0x0000000701000000,0x0000000701000000,0x0000000709000000)
 Metaspace       used 9631K, capacity 9780K, committed 9984K, reserved 1058816K
  class space    used 1191K, capacity 1278K, committed 1280K, reserved 1048576K
Event: 0.521 GC heap after
Heap after GC invocations=1 (full 0):
 PSYoungGen      total 57344K, used 3447K [0x0000000780580000, 0x0000000784580000, 0x00000007c0000000)
  eden space 49152K, 0% used [0x0000000780580000,0x0000000780580000,0x0000000783580000)
  from space 8192K, 42% used [0x0000000783580000,0x00000007838ddc58,0x0000000783d80000)
  to   space 8192K, 0% used [0x0000000783d80000,0x0000000783d80000,0x0000000784580000)
 ParOldGen       total 131072K, used 72K [0x0000000701000000, 0x0000000709000000, 0x0000000780580000)
  object space 131072K, 0% used [0x0000000701000000,0x0000000701012010,0x0000000709000000)
 Metaspace       used 9631K, capacity 9780K, committed 9984K, reserved 1058816K
  class space    used 1191K, capacity 1278K, committed 1280K, reserved 1048576K
}
Event: 1.492 GC heap before
{Heap before GC invocations=2 (full 0):
 PSYoungGen      total 57344K, used 52599K [0x0000000780580000, 0x0000000784580000, 0x00000007c0000000)
  eden space 49152K, 100% used [0x0000000780580000,0x0000000783580000,0x0000000783580000)
  from space 8192K, 42% used [0x0000000783580000,0x00000007838ddc58,0x0000000783d80000)
  to   space 8192K, 0% used [0x0000000783d80000,0x0000000783d80000,0x0000000784580000)
 ParOldGen       total 131072K, used 72K [0x0000000701000000, 0x0000000709000000, 0x0000000780580000)
  object space 131072K, 0% used [0x0000000701000000,0x0000000701012010,0x0000000709000000)
 Metaspace       used 20551K, capacity 20838K, committed 21120K, reserved 1067008K
  class space    used 2567K, capacity 2665K, committed 2688K, reserved 1048576K
Event: 1.500 GC heap after
Heap after GC invocations=2 (full 0):
 PSYoungGen      total 57344K, used 8173K [0x0000000780580000, 0x0000000784580000, 0x00000007c0000000)
  eden space 49152K, 0% used [0x0000000780580000,0x0000000780580000,0x0000000783580000)
  from space 8192K, 99% used [0x0000000783d80000,0x000000078457b580,0x0000000784580000)
  to   space 8192K, 0% used [0x0000000783580000,0x0000000783580000,0x0000000783d80000)
 ParOldGen       total 131072K, used 2422K [0x0000000701000000, 0x0000000709000000, 0x0000000780580000)
  object space 131072K, 1% used [0x0000000701000000,0x000000070125d870,0x0000000709000000)
 Metaspace       used 20551K, capacity 20838K, committed 21120K, reserved 1067008K
  class space    used 2567K, capacity 2665K, committed 2688K, reserved 1048576K
}
Event: 1.509 GC heap before
{Heap before GC invocations=3 (full 0):
 PSYoungGen      total 57344K, used 10104K [0x0000000780580000, 0x0000000784580000, 0x00000007c0000000)
  eden space 49152K, 3% used [0x0000000780580000,0x0000000780762ce8,0x0000000783580000)
  from space 8192K, 99% used [0x0000000783d80000,0x000000078457b580,0x0000000784580000)
  to   space 8192K, 0% used [0x0000000783580000,0x0000000783580000,0x0000000783d80000)
 ParOldGen       total 131072K, used 2422K [0x0000000701000000, 0x0000000709000000, 0x0000000780580000)
  object space 131072K, 1% used [0x0000000701000000,0x000000070125d870,0x0000000709000000)
 Metaspace       used 20758K, capacity 20998K, committed 21248K, reserved 1067008K
  class space    used 2602K, capacity 2697K, committed 2816K, reserved 1048576K
Event: 1.514 GC heap after
Heap after GC invocations=3 (full 0):
 PSYoungGen      total 57344K, used 6612K [0x0000000780580000, 0x0000000787580000, 0x00000007c0000000)
  eden space 49152K, 0% used [0x0000000780580000,0x0000000780580000,0x0000000783580000)
  from space 8192K, 80% used [0x0000000783580000,0x0000000783bf5158,0x0000000783d80000)
  to   space 8192K, 0% used [0x0000000786d80000,0x0000000786d80000,0x0000000787580000)
 ParOldGen       total 131072K, used 2430K [0x0000000701000000, 0x0000000709000000, 0x0000000780580000)
  object space 131072K, 1% used [0x0000000701000000,0x000000070125f870,0x0000000709000000)
 Metaspace       used 20758K, capacity 20998K, committed 21248K, reserved 1067008K
  class space    used 2602K, capacity 2697K, committed 2816K, reserved 1048576K
}
Event: 1.514 GC heap before
{Heap before GC invocations=4 (full 1):
 PSYoungGen      total 57344K, used 6612K [0x0000000780580000, 0x0000000787580000, 0x00000007c0000000)
  eden space 49152K, 0% used [0x0000000780580000,0x0000000780580000,0x0000000783580000)
  from space 8192K, 80% used [0x0000000783580000,0x0000000783bf5158,0x0000000783d80000)
  to   space 8192K, 0% used [0x0000000786d80000,0x0000000786d80000,0x0000000787580000)
 ParOldGen       total 131072K, used 2430K [0x0000000701000000, 0x0000000709000000, 0x0000000780580000)
  object space 131072K, 1% used [0x0000000701000000,0x000000070125f870,0x0000000709000000)
 Metaspace       used 20758K, capacity 20998K, committed 21248K, reserved 1067008K
  class space    used 2602K, capacity 2697K, committed 2816K, reserved 1048576K
Event: 1.536 GC heap after
Heap after GC invocations=4 (full 1):
 PSYoungGen      total 57344K, used 0K [0x0000000780580000, 0x0000000787580000, 0x00000007c0000000)
  eden space 49152K, 0% used [0x0000000780580000,0x0000000780580000,0x0000000783580000)
  from space 8192K, 0% used [0x0000000783580000,0x0000000783580000,0x0000000783d80000)
  to   space 8192K, 0% used [0x0000000786d80000,0x0000000786d80000,0x0000000787580000)
 ParOldGen       total 65024K, used 6917K [0x0000000701000000, 0x0000000704f80000, 0x0000000780580000)
  object space 65024K, 10% used [0x0000000701000000,0x00000007016c1548,0x0000000704f80000)
 Metaspace       used 20758K, capacity 20998K, committed 21248K, reserved 1067008K
  class space    used 2602K, capacity 2697K, committed 2816K, reserved 1048576K
}

