# JRE version: Java(TM) SE Runtime Environment (8.0_181-b13) (build 1.8.0_181-b13)
# Java VM: Java HotSpot(TM) 64-Bit Server VM (25.181-b13 mixed mode windows-amd64 compressed oops)
Heap:
 PSYoungGen      total 57344K, used 40826K [0x0000000780580000, 0x0000000787580000, 0x00000007c0000000)
  eden space 49152K, 83% used [0x0000000780580000,0x0000000782d5e8f8,0x0000000783580000)
  from space 8192K, 0% used [0x0000000783580000,0x0000000783580000,0x0000000783d80000)
  to   space 8192K, 0% used [0x0000000786d80000,0x0000000786d80000,0x0000000787580000)
 ParOldGen       total 65024K, used 6922K [0x0000000701000000, 0x0000000704f80000, 0x0000000780580000)
  object space 65024K, 10% used [0x0000000701000000,0x00000007016c28a0,0x0000000704f80000)
 Metaspace       used 26518K, capacity 26778K, committed 27264K, reserved 1073152K
  class space    used 3362K, capacity 3449K, committed 3456K, reserved 1048576K
GC Heap History (8 events):
Event: 0.508 GC heap before
{Heap before GC invocations=1 (full 0):
 PSYoungGen      total 57344K, used 49152K [0x0000000780580000, 0x0000000784580000, 0x00000007c0000000)
  eden space 49152K, 100% used [0x0000000780580000,0x0000000783580000,0x0000000783580000)
  from space 8192K, 0% used [0x0000000783d80000,0x0000000783d80000,0x0000000784580000)
  to   space 8192K, 0% used [0x0000000783580000,0x0000000783580000,0x0000000783d80000)
 ParOldGen       total 131072K, used 0K [0x0000000701000000, 0x0000000709000000, 0x0000000780580000)
  object space 131072K, 0% used [0x0000000701000000,0x0000000701000000,0x0000000709000000)
 Metaspace       used 9651K, capacity 9844K, committed 9984K, reserved 1058816K
  class space    used 1191K, capacity 1278K, committed 1280K, reserved 1048576K
Event: 0.512 GC heap after
Heap after GC invocations=1 (full 0):
 PSYoungGen      total 57344K, used 3447K [0x0000000780580000, 0x0000000784580000, 0x00000007c0000000)
  eden space 49152K, 0% used [0x0000000780580000,0x0000000780580000,0x0000000783580000)
  from space 8192K, 42% used [0x0000000783580000,0x00000007838ddc38,0x0000000783d80000)
  to   space 8192K, 0% used [0x0000000783d80000,0x0000000783d80000,0x0000000784580000)
 ParOldGen       total 131072K, used 80K [0x0000000701000000, 0x0000000709000000, 0x0000000780580000)
  object space 131072K, 0% used [0x0000000701000000,0x0000000701014010,0x0000000709000000)
 Metaspace       used 9651K, capacity 9844K, committed 9984K, reserved 1058816K
  class space    used 1191K, capacity 1278K, committed 1280K, reserved 1048576K
}
Event: 1.490 GC heap before
{Heap before GC invocations=2 (full 0):
 PSYoungGen      total 57344K, used 52599K [0x0000000780580000, 0x0000000784580000, 0x00000007c0000000)
  eden space 49152K, 100% used [0x0000000780580000,0x0000000783580000,0x0000000783580000)
  from space 8192K, 42% used [0x0000000783580000,0x00000007838ddc38,0x0000000783d80000)
  to   space 8192K, 0% used [0x0000000783d80000,0x0000000783d80000,0x0000000784580000)
 ParOldGen       total 131072K, used 80K [0x0000000701000000, 0x0000000709000000, 0x0000000780580000)
  object space 131072K, 0% used [0x0000000701000000,0x0000000701014010,0x0000000709000000)
 Metaspace       used 20543K, capacity 20838K, committed 21120K, reserved 1067008K
  class space    used 2567K, capacity 2665K, committed 2688K, reserved 1048576K
Event: 1.498 GC heap after
Heap after GC invocations=2 (full 0):
 PSYoungGen      total 57344K, used 8189K [0x0000000780580000, 0x0000000784580000, 0x00000007c0000000)
  eden space 49152K, 0% used [0x0000000780580000,0x0000000780580000,0x0000000783580000)
  from space 8192K, 99% used [0x0000000783d80000,0x000000078457f7b0,0x0000000784580000)
  to   space 8192K, 0% used [0x0000000783580000,0x0000000783580000,0x0000000783d80000)
 ParOldGen       total 131072K, used 2384K [0x0000000701000000, 0x0000000709000000, 0x0000000780580000)
  object space 131072K, 1% used [0x0000000701000000,0x0000000701254228,0x0000000709000000)
 Metaspace       used 20543K, capacity 20838K, committed 21120K, reserved 1067008K
  class space    used 2567K, capacity 2665K, committed 2688K, reserved 1048576K
}
Event: 1.506 GC heap before
{Heap before GC invocations=3 (full 0):
 PSYoungGen      total 57344K, used 10120K [0x0000000780580000, 0x0000000784580000, 0x00000007c0000000)
  eden space 49152K, 3% used [0x0000000780580000,0x0000000780762b90,0x0000000783580000)
  from space 8192K, 99% used [0x0000000783d80000,0x000000078457f7b0,0x0000000784580000)
  to   space 8192K, 0% used [0x0000000783580000,0x0000000783580000,0x0000000783d80000)
 ParOldGen       total 131072K, used 2384K [0x0000000701000000, 0x0000000709000000, 0x0000000780580000)
  object space 131072K, 1% used [0x0000000701000000,0x0000000701254228,0x0000000709000000)
 Metaspace       used 20748K, capacity 21030K, committed 21296K, reserved 1069056K
  class space    used 2597K, capacity 2665K, committed 2688K, reserved 1048576K
Event: 1.510 GC heap after
Heap after GC invocations=3 (full 0):
 PSYoungGen      total 57344K, used 6586K [0x0000000780580000, 0x0000000787580000, 0x00000007c0000000)
  eden space 49152K, 0% used [0x0000000780580000,0x0000000780580000,0x0000000783580000)
  from space 8192K, 80% used [0x0000000783580000,0x0000000783bee9d8,0x0000000783d80000)
  to   space 8192K, 0% used [0x0000000786d80000,0x0000000786d80000,0x0000000787580000)
 ParOldGen       total 131072K, used 2392K [0x0000000701000000, 0x0000000709000000, 0x0000000780580000)
  object space 131072K, 1% used [0x0000000701000000,0x0000000701256228,0x0000000709000000)
 Metaspace       used 20748K, capacity 21030K, committed 21296K, reserved 1069056K
  class space    used 2597K, capacity 2665K, committed 2688K, reserved 1048576K
}
Event: 1.510 GC heap before
{Heap before GC invocations=4 (full 1):
 PSYoungGen      total 57344K, used 6586K [0x0000000780580000, 0x0000000787580000, 0x00000007c0000000)
  eden space 49152K, 0% used [0x0000000780580000,0x0000000780580000,0x0000000783580000)
  from space 8192K, 80% used [0x0000000783580000,0x0000000783bee9d8,0x0000000783d80000)
  to   space 8192K, 0% used [0x0000000786d80000,0x0000000786d80000,0x0000000787580000)
 ParOldGen       total 131072K, used 2392K [0x0000000701000000, 0x0000000709000000, 0x0000000780580000)
  object space 131072K, 1% used [0x0000000701000000,0x0000000701256228,0x0000000709000000)
 Metaspace       used 20748K, capacity 21030K, committed 21296K, reserved 1069056K
  class space    used 2597K, capacity 2665K, committed 2688K, reserved 1048576K
Event: 1.533 GC heap after
Heap after GC invocations=4 (full 1):
 PSYoungGen      total 57344K, used 0K [0x0000000780580000, 0x0000000787580000, 0x00000007c0000000)
  eden space 49152K, 0% used [0x0000000780580000,0x0000000780580000,0x0000000783580000)
  from space 8192K, 0% used [0x0000000783580000,0x0000000783580000,0x0000000783d80000)
  to   space 8192K, 0% used [0x0000000786d80000,0x0000000786d80000,0x0000000787580000)
 ParOldGen       total 65024K, used 6922K [0x0000000701000000, 0x0000000704f80000, 0x0000000780580000)
  object space 65024K, 10% used [0x0000000701000000,0x00000007016c28a0,0x0000000704f80000)
 Metaspace       used 20748K, capacity 21030K, committed 21296K, reserved 1069056K
  class space    used 2597K, capacity 2665K, committed 2688K, reserved 1048576K
}

